<?xml version="1.0" encoding="UTF-8"?>
<!-- Generated by org.testng.reporters.JUnitReportReporter -->
<testsuite hostname="TYSS-Varun" failures="0" tests="1" name="APITesting.D_ComplexRequests" time="1.386" errors="0" timestamp="2024-01-05T12:13:08 IST" skipped="0">
  <testcase classname="APITesting.D_ComplexRequests" name="postingUsingPojoClass" time="1.386"/>
  <system-out/>
</testsuite> <!-- APITesting.D_ComplexRequests -->
