<?xml version="1.0" encoding="UTF-8"?>
<!-- Generated by org.testng.reporters.JUnitReportReporter -->
<testsuite hostname="TYSS-Varun" failures="0" tests="1" name="APITesting.E_SeralizationAndDeseralization" time="0.181" errors="0" timestamp="2024-01-05T15:43:06 IST" skipped="0">
  <testcase classname="APITesting.E_SeralizationAndDeseralization" name="serializationAndDeserialization" time="0.181"/>
  <system-out/>
</testsuite> <!-- APITesting.E_SeralizationAndDeseralization -->
