<?xml version="1.0" encoding="UTF-8"?>
<!-- Generated by org.testng.reporters.JUnitReportReporter -->
<testsuite hostname="TYSS-Varun" failures="0" tests="1" name="WebTest.RedBusBooking" time="61.987" errors="0" timestamp="2024-01-30T09:36:38 IST" skipped="0">
  <testcase classname="WebTest.RedBusBooking" name="placeTest" time="61.987"/>
  <system-out/>
</testsuite> <!-- WebTest.RedBusBooking -->
