<?xml version="1.0" encoding="UTF-8"?>
<!-- Generated by org.testng.reporters.JUnitReportReporter -->
<testsuite hostname="TYSS-Varun" failures="0" tests="1" name="tomorrowWeather.WeatherAPITest" time="1.832" errors="0" timestamp="2024-01-25T13:29:00 IST" skipped="0">
  <testcase classname="tomorrowWeather.WeatherAPITest" name="getTest" time="1.832"/>
  <system-out/>
</testsuite> <!-- tomorrowWeather.WeatherAPITest -->
