<?xml version="1.0" encoding="UTF-8"?>
<!-- Generated by org.testng.reporters.JUnitReportReporter -->
<testsuite hostname="TYSS-Varun" failures="0" tests="1" name="APITesting.I_ValidationOfBody" time="2.752" errors="0" timestamp="2024-01-18T17:46:39 IST" skipped="0">
  <testcase classname="APITesting.I_ValidationOfBody" name="postAndTestProject" time="2.752"/>
  <system-out/>
</testsuite> <!-- APITesting.I_ValidationOfBody -->
