<?xml version="1.0" encoding="UTF-8"?>
<!-- Generated by org.testng.reporters.JUnitReportReporter -->
<testsuite hostname="TYSS-Varun" failures="0" tests="1" name="Practice.APITESTING" time="0.408" errors="0" timestamp="2024-01-25T12:32:27 IST" skipped="0">
  <testcase classname="Practice.APITESTING" name="connectiontoDataBase" time="0.408"/>
  <system-out/>
</testsuite> <!-- Practice.APITESTING -->
