<?xml version="1.0" encoding="UTF-8"?>
<!-- Generated by org.testng.reporters.JUnitReportReporter -->
<testsuite hostname="TYSS-Varun" failures="0" tests="1" name="APITesting.B_ConnectingToWebAppTesting" time="0.680" errors="0" timestamp="2024-01-04T14:51:05 IST" skipped="0">
  <testcase classname="APITesting.B_ConnectingToWebAppTesting" name="APiConnection" time="0.680"/>
  <system-out/>
</testsuite> <!-- APITesting.B_ConnectingToWebAppTesting -->
