<?xml version="1.0" encoding="UTF-8"?>
<!-- Generated by org.testng.reporters.JUnitReportReporter -->
<testsuite hostname="TYSS-Varun" failures="0" tests="1" name="APITesting.CA_CrudOperationsRestfulAPI" time="1.456" errors="0" timestamp="2024-01-05T09:50:53 IST" skipped="0">
  <testcase classname="APITesting.CA_CrudOperationsRestfulAPI" name="getOperationStatue" time="1.456"/>
  <system-out/>
</testsuite> <!-- APITesting.CA_CrudOperationsRestfulAPI -->
