<?xml version="1.0" encoding="UTF-8"?>
<!-- Generated by org.testng.reporters.JUnitReportReporter -->
<testsuite hostname="TYSS-Varun" failures="0" tests="1" name="APITesting.A_DataBaseTesting" time="0.311" errors="0" timestamp="2024-01-11T11:01:13 IST" skipped="0">
  <testcase classname="APITesting.A_DataBaseTesting" name="DbTest" time="0.311"/>
  <system-out>
    <![CDATA[Database is connected
db connection is closed]]>
  </system-out>
</testsuite> <!-- APITesting.A_DataBaseTesting -->
